2025-11-18 14:28:16 [main] INFO  c.c.c.ControlVehicularApplication - Starting ControlVehicularApplication using Java 22.0.2 with PID 1936 (C:\Users\CAMILO ACOSTA\Downloads\control-vehicular\target\classes started by CAMILO ACOSTA in C:\Users\CAMILO ACOSTA\Downloads\control-vehicular)
2025-11-18 14:28:16 [main] INFO  c.c.c.ControlVehicularApplication - No active profile set, falling back to 1 default profile: "default"
2025-11-18 14:28:25 [main] INFO  o.s.d.r.c.RepositoryConfigurationDelegate - Bootstrapping Spring Data JPA repositories in DEFAULT mode.
2025-11-18 14:28:25 [main] INFO  o.s.d.r.c.RepositoryConfigurationDelegate - Finished Spring Data repository scanning in 321 ms. Found 5 JPA repository interfaces.
2025-11-18 14:28:30 [main] INFO  o.s.b.w.e.tomcat.TomcatWebServer - Tomcat initialized with port 8080 (http)
2025-11-18 14:28:30 [main] INFO  o.a.catalina.core.StandardService - Starting service [Tomcat]
2025-11-18 14:28:30 [main] INFO  o.a.catalina.core.StandardEngine - Starting Servlet engine: [Apache Tomcat/10.1.48]
2025-11-18 14:28:30 [main] INFO  o.a.c.c.C.[Tomcat].[localhost].[/] - Initializing Spring embedded WebApplicationContext
2025-11-18 14:28:30 [main] INFO  o.s.b.w.s.c.ServletWebServerApplicationContext - Root WebApplicationContext: initialization completed in 13997 ms
2025-11-18 14:28:31 [main] INFO  o.h.jpa.internal.util.LogHelper - HHH000204: Processing PersistenceUnitInfo [name: default]
2025-11-18 14:28:31 [main] INFO  org.hibernate.Version - HHH000412: Hibernate ORM core version 6.6.33.Final
2025-11-18 14:28:31 [main] INFO  o.h.c.i.RegionFactoryInitiator - HHH000026: Second-level cache disabled
2025-11-18 14:28:32 [main] INFO  o.s.o.j.p.SpringPersistenceUnitInfo - No LoadTimeWeaver setup: ignoring JPA class transformer
2025-11-18 14:28:32 [main] INFO  com.zaxxer.hikari.HikariDataSource - HikariPool-1 - Starting...
2025-11-18 14:28:32 [main] INFO  com.zaxxer.hikari.pool.HikariPool - HikariPool-1 - Added connection org.postgresql.jdbc.PgConnection@2b9d4b0
2025-11-18 14:28:32 [main] INFO  com.zaxxer.hikari.HikariDataSource - HikariPool-1 - Start completed.
2025-11-18 14:28:32 [main] WARN  org.hibernate.orm.deprecation - HHH90000025: PostgreSQLDialect does not need to be specified explicitly using 'hibernate.dialect' (remove the property setting and it will be selected by default)
2025-11-18 14:28:32 [main] INFO  o.hibernate.orm.connections.pooling - HHH10001005: Database info:
	Database JDBC URL [Connecting through datasource 'HikariDataSource (HikariPool-1)']
	Database driver: undefined/unknown
	Database version: 17.4
	Autocommit mode: undefined/unknown
	Isolation level: undefined/unknown
	Minimum pool size: undefined/unknown
	Maximum pool size: undefined/unknown
2025-11-18 14:28:37 [main] INFO  o.h.e.t.j.p.i.JtaPlatformInitiator - HHH000489: No JTA platform available (set 'hibernate.transaction.jta.platform' to enable JTA platform integration)
2025-11-18 14:28:38 [main] INFO  o.s.o.j.LocalContainerEntityManagerFactoryBean - Initialized JPA EntityManagerFactory for persistence unit 'default'
2025-11-18 14:28:41 [main] INFO  o.s.d.j.r.query.QueryEnhancerFactory - Hibernate is in classpath; If applicable, HQL parser will be used.
2025-11-18 14:28:43 [main] INFO  o.s.s.c.a.a.c.InitializeAuthenticationProviderBeanManagerConfigurer$InitializeAuthenticationProviderManagerConfigurer - Global AuthenticationManager configured with AuthenticationProvider bean with name authenticationProvider
2025-11-18 14:28:43 [main] WARN  o.s.s.c.a.a.c.InitializeUserDetailsBeanManagerConfigurer$InitializeUserDetailsManagerConfigurer - Global AuthenticationManager configured with an AuthenticationProvider bean. UserDetailsService beans will not be used by Spring Security for automatically configuring username/password login. Consider removing the AuthenticationProvider bean. Alternatively, consider using the UserDetailsService in a manually instantiated DaoAuthenticationProvider. If the current configuration is intentional, to turn off this warning, increase the logging level of 'org.springframework.security.config.annotation.authentication.configuration.InitializeUserDetailsBeanManagerConfigurer' to ERROR
2025-11-18 14:28:44 [main] WARN  o.s.b.a.o.j.JpaBaseConfiguration$JpaWebConfiguration - spring.jpa.open-in-view is enabled by default. Therefore, database queries may be performed during view rendering. Explicitly configure spring.jpa.open-in-view to disable this warning
2025-11-18 14:28:48 [main] DEBUG o.s.s.web.DefaultSecurityFilterChain - Will secure any request with filters: DisableEncodeUrlFilter, WebAsyncManagerIntegrationFilter, SecurityContextHolderFilter, HeaderWriterFilter, CorsFilter, LogoutFilter, JwtAuthenticationFilter, RequestCacheAwareFilter, SecurityContextHolderAwareRequestFilter, AnonymousAuthenticationFilter, SessionManagementFilter, ExceptionTranslationFilter, AuthorizationFilter
2025-11-18 14:28:49 [main] INFO  o.s.b.w.e.tomcat.TomcatWebServer - Tomcat started on port 8080 (http) with context path '/'
2025-11-18 14:28:49 [main] INFO  c.c.c.ControlVehicularApplication - Started ControlVehicularApplication in 34.444 seconds (process running for 35.318)
2025-11-18 14:29:51 [http-nio-0.0.0.0-8080-exec-2] INFO  o.a.c.c.C.[Tomcat].[localhost].[/] - Initializing Spring DispatcherServlet 'dispatcherServlet'
2025-11-18 14:29:51 [http-nio-0.0.0.0-8080-exec-2] INFO  o.s.web.servlet.DispatcherServlet - Initializing Servlet 'dispatcherServlet'
2025-11-18 14:29:51 [http-nio-0.0.0.0-8080-exec-2] INFO  o.s.web.servlet.DispatcherServlet - Completed initialization in 0 ms
2025-11-18 14:29:51 [http-nio-0.0.0.0-8080-exec-2] DEBUG o.s.security.web.FilterChainProxy - Securing OPTIONS /api/v1/auth/login
2025-11-18 14:29:51 [http-nio-0.0.0.0-8080-exec-1] DEBUG o.s.security.web.FilterChainProxy - Securing POST /api/v1/auth/login
2025-11-18 14:29:51 [http-nio-0.0.0.0-8080-exec-1] DEBUG o.s.s.w.a.AnonymousAuthenticationFilter - Set SecurityContextHolder to anonymous SecurityContext
2025-11-18 14:29:51 [http-nio-0.0.0.0-8080-exec-1] DEBUG o.s.security.web.FilterChainProxy - Secured POST /api/v1/auth/login
2025-11-18 14:29:52 [http-nio-0.0.0.0-8080-exec-1] INFO  c.c.c.controller.AuthController - Intento de login para usuario: guarda1
2025-11-18 14:29:52 [http-nio-0.0.0.0-8080-exec-1] DEBUG org.hibernate.SQL - 
    /* <criteria> */ select
        u1_0.id,
        u1_0.activo,
        u1_0.bloqueado,
        u1_0.documento,
        u1_0.email,
        u1_0.fecha_actualizacion,
        u1_0.fecha_creacion,
        u1_0.intentos_fallidos,
        u1_0.nombre_completo,
        u1_0.password,
        u1_0.telefono,
        u1_0.ultimo_acceso,
        u1_0.username 
    from
        usuario u1_0 
    where
        u1_0.username=?
2025-11-18 14:29:53 [http-nio-0.0.0.0-8080-exec-1] DEBUG org.hibernate.SQL - 
    select
        r1_0.usuario_id,
        r1_0.rol 
    from
        usuario_roles r1_0 
    where
        r1_0.usuario_id=?
2025-11-18 14:29:53 [http-nio-0.0.0.0-8080-exec-1] DEBUG o.s.s.a.d.DaoAuthenticationProvider - Authenticated user
2025-11-18 14:29:53 [http-nio-0.0.0.0-8080-exec-1] DEBUG org.hibernate.SQL - 
    /* <criteria> */ select
        u1_0.id,
        u1_0.activo,
        u1_0.bloqueado,
        u1_0.documento,
        u1_0.email,
        u1_0.fecha_actualizacion,
        u1_0.fecha_creacion,
        u1_0.intentos_fallidos,
        u1_0.nombre_completo,
        u1_0.password,
        u1_0.telefono,
        u1_0.ultimo_acceso,
        u1_0.username 
    from
        usuario u1_0 
    where
        u1_0.username=?
2025-11-18 14:29:54 [http-nio-0.0.0.0-8080-exec-1] DEBUG org.hibernate.SQL - 
    /* update
        for com.conjunto.control_vehicular.entity.Usuario */update usuario 
    set
        activo=?,
        bloqueado=?,
        documento=?,
        email=?,
        fecha_actualizacion=?,
        intentos_fallidos=?,
        nombre_completo=?,
        password=?,
        telefono=?,
        ultimo_acceso=?,
        username=? 
    where
        id=?
2025-11-18 14:29:54 [http-nio-0.0.0.0-8080-exec-1] INFO  c.c.c.controller.AuthController - Login exitoso para usuario: guarda1
